2024-01-15 08:30:15 INFO [AuthService] Usuario admin autenticado correctamente
2024-01-15 08:30:16 DEBUG [Database] Conexión establecida con la base de datos
2024-01-15 08:30:20 INFO [Network] Petición recibida desde 192.168.1.100
2024-01-15 08:30:22 WARN [Security] Intento de acceso fallido para usuario desconocido
2024-01-15 08:30:25 ERROR [Database] Timeout en consulta a la base de datos - ID: 452 - Usuario: user23
2024-01-15 08:30:30 INFO [API] Respuesta enviada con código 200
2024-01-15 08:30:35 DEBUG [Cache] Cache actualizada para recurso /api/users
2024-01-15 08:30:40 ERROR [AuthService] Excepción no controlada en validación de token
2024-01-15 08:30:45 INFO [Backup] Proceso de backup iniciado
2024-01-15 08:30:50 WARN [Network] Tiempo de respuesta elevado en servidor principal
2024-01-15 08:30:55 DEBUG [Scheduler] Tarea programada ejecutada correctamente
2024-01-15 08:31:00 INFO [Security] Política de seguridad actualizada
2024-01-15 08:31:05 ERROR [Database] Error de conexión con la base de datos - ID: 789 - Usuario: user45
2024-01-15 08:31:10 WARN [Cache] Memoria cache casi llena - Reintentos: 3
2024-01-15 08:31:15 INFO [API] Nueva versión de API desplegada
2024-01-15 08:31:20 DEBUG [Network] DNS resuelto correctamente
2024-01-15 08:31:25 ERROR [Backup] Error al escribir en disco de backup
2024-01-15 08:31:30 INFO [AuthService] Sesión de usuario cerrada
2024-01-15 08:31:35 WARN [Database] Consulta lenta detectada - Reintentos: 2
2024-01-15 08:31:40 DEBUG [Security] Scan de vulnerabilidades completado
2024-01-15 08:31:45 INFO [Scheduler] Nueva tarea programada añadida
2024-01-15 08:31:50 ERROR [Network] Conexión perdida con servidor secundario
2024-01-15 08:31:55 INFO [Cache] Cache limpiada exitosamente
2024-01-15 08:32:00 WARN [API] Límite de peticiones casi alcanzado
2024-01-15 08:32:05 DEBUG [Backup] Verificación de integridad completada
2024-01-15 08:32:10 INFO [Database] Transacción completada exitosamente
2024-01-15 08:32:15 ERROR [Security] Intrusión detectada en el sistema - ID: 112 - Usuario: user67
2024-01-15 08:32:20 WARN [AuthService] Múltiples intentos fallidos para usuario admin
2024-01-15 08:32:25 INFO [Network] Configuración de red actualizada
2024-01-15 08:32:30 DEBUG [Scheduler] Proxima ejecución programada en 300 segundos
2024-01-15 08:32:35 ERROR [Cache] Error de serialización en cache distribuida
2024-01-15 08:32:40 INFO [API] Método deprecado será eliminado en próxima versión
2024-01-15 08:32:45 WARN [Backup] Espacio en disco insuficiente para backup completo
2024-01-15 08:32:50 DEBUG [Database] Índice recreado para mejor rendimiento
2024-01-15 08:32:55 INFO [Security] Certificado SSL renovado exitosamente
2024-01-15 08:33:00 ERROR [Network] Timeout en petición HTTP - ID: 334 - Usuario: user89
2024-01-15 08:33:05 WARN [AuthService] Token expirado, requiere renovación
2024-01-15 08:33:10 INFO [Cache] Nueva política de expiración implementada
2024-01-15 08:33:15 DEBUG [Scheduler] Tareas en cola: 15
2024-01-15 08:33:20 ERROR [Database] Deadlock detectado en transacción - ID: 556 - Usuario: user12
2024-01-15 08:33:25 INFO [Backup] Backup incremental completado
2024-01-15 08:33:30 WARN [Security] Puerto no seguro detectado en configuración
2024-01-15 08:33:35 DEBUG [API] Logging de peticiones habilitado
2024-01-15 08:33:40 INFO [Network] Balanceador de carga configurado
2024-01-15 08:33:45 ERROR [AuthService] Error en servicio de autenticación externo
2024-01-15 08:33:50 WARN [Database] Espacio en tablespace casi agotado
2024-01-15 08:33:55 INFO [Cache] Estrategia de cache modificada
2024-01-15 08:34:00 DEBUG [Scheduler] Tareas eliminadas: 5
2024-01-15 08:34:05 ERROR [Backup] Medios de backup no disponibles - ID: 778 - Usuario: user34
2024-01-15 08:34:10 INFO [Security] Scan de malware completado sin incidentes
2024-01-15 08:34:15 WARN [API] Versión de cliente no soportada detectada
2024-01-15 08:34:20 DEBUG [Network] Configuración DNS cacheada
2024-01-15 08:34:25 INFO [AuthService] Nueva política de contraseñas aplicada
2024-01-15 08:34:30 ERROR [Database] Corrupción de datos detectada - ID: 990 - Usuario: user56
2024-01-15 08:34:35 WARN [Cache] Alto uso de memoria detectado
2024-01-15 08:34:40 INFO [Scheduler] Todas las tareas completadas exitosamente
2024-01-15 08:34:45 DEBUG [Backup] Compresión de datos optimizada
2024-01-15 08:34:50 ERROR [Security] Falla en sistema de detección de intrusos
2024-01-15 08:34:55 INFO [API] Métricas de rendimiento recopiladas
2024-01-15 08:35:00 WARN [Network] Alta latencia en conexiones internacionales
2024-01-15 08:35:05 DEBUG [AuthService] Auditoría de acceso habilitada
2024-01-15 08:35:10 INFO [Database] Mantenimiento programado iniciado
2024-01-15 08:35:15 ERROR [Cache] Fallo en nodo de cache distribuida - ID: 123 - Usuario: user78
2024-01-15 08:35:20 WARN [Scheduler] Tarea retrasada por recursos insuficientes
2024-01-15 08:35:25 INFO [Backup] Verificación de backup completada
2024-01-15 08:35:30 DEBUG [Security] Reglas de firewall actualizadas
2024-01-15 08:35:35 ERROR [API] Error interno del servidor - ID: 445 - Usuario: user90
2024-01-15 08:35:40 INFO [Network] Nueva IP añadida a lista blanca
2024-01-15 08:35:45 WARN [AuthService] Usuario inactivo por más de 90 días
2024-01-15 08:35:50 DEBUG [Database] Query optimizado por el optimizador
2024-01-15 08:35:55 INFO [Cache] Distribución de carga mejorada
2024-01-15 08:36:00 ERROR [Scheduler] Error en ejecución de tarea programada
2024-01-15 08:36:05 WARN [Backup] Backup parcial completado por restricciones de tiempo
2024-01-15 08:36:10 INFO [Security] Actualización de definiciones de virus
2024-01-15 08:36:15 DEBUG [API] Throttling aplicado a peticiones
2024-01-15 08:36:20 ERROR [Network] Conexión SSL fallida - ID: 667 - Usuario: user11
2024-01-15 08:36:25 INFO [AuthService] Autenticación de dos factores habilitada
2024-01-15 08:36:30 WARN [Database] Fragmentación de índices detectada
2024-01-15 08:36:35 DEBUG [Cache] Tiempo de vida de cache ajustado
2024-01-15 08:36:40 INFO [Scheduler] Nueva tarea recurrente configurada
2024-01-15 08:36:45 ERROR [Backup] Error de checksum en archivo de backup
2024-01-15 08:36:50 WARN [Security] Configuración de seguridad débil detectada
2024-01-15 08:36:55 INFO [API] Documentación de API actualizada
2024-01-15 08:37:00 DEBUG [Network] Monitoreo de ancho de banda habilitado
2024-01-15 08:37:05 ERROR [AuthService] Violación de política de seguridad - ID: 889 - Usuario: user22
2024-01-15 08:37:10 INFO [Database] Réplica de base de datos sincronizada
2024-01-15 08:37:15 WARN [Cache] Cache fría detectada, recalentando
2024-01-15 08:37:20 DEBUG [Scheduler] Prioridades de tareas reasignadas
2024-01-15 08:37:25 INFO [Backup] Estrategia de retención modificada
2024-01-15 08:37:30 ERROR [Security] Certificado SSL expirado - ID: 112 - Usuario: user33
2024-01-15 08:37:35 WARN [API] Uso de endpoint deprecado detectado
2024-01-15 08:37:40 INFO [Network] QoS configurado para tráfico crítico
2024-01-15 08:37:45 DEBUG [AuthService] Logs de auditoría exportados
2024-01-15 08:37:50 ERROR [Database] Error de constraint violado - ID: 234 - Usuario: user44
2024-01-15 08:37:55 INFO [Cache] Estadísticas de cache recopiladas
2024-01-15 08:38:00 WARN [Scheduler] Tareas pendientes: 8
2024-01-15 08:38:05 DEBUG [Backup] Algoritmo de compresión cambiado
2024-01-15 08:38:10 INFO [Security] Parche de seguridad aplicado
2024-01-15 08:38:15 ERROR [API] Límite de tasa excedido - ID: 456 - Usuario: user55
2024-01-15 08:38:20 WARN [Network] Paquetes perdidos detectados
2024-01-15 08:38:25 INFO [AuthService] Sesiones inactivas limpiadas
2024-01-15 08:38:30 DEBUG [Database] Plan de ejecución cacheado
2024-01-15 08:38:35 ERROR [Cache] Inconsistencia de datos detectada
2024-01-15 08:38:40 INFO [Scheduler] Tareas de mantenimiento ejecutadas
2024-01-15 08:38:45 WARN [Backup] Espacio en cloud storage insuficiente
2024-01-15 08:38:50 DEBUG [Security] Scan de puertos completado
2024-01-15 08:38:55 INFO [API] Nuevo endpoint publicado
2024-01-15 08:39:00 ERROR [Network] Error de enrutamiento - ID: 678 - Usuario: user66
2024-01-15 08:39:05 WARN [AuthService] Credenciales por defecto detectadas
2024-01-15 08:39:10 INFO [Database] Estadísticas de rendimiento generadas
2024-01-15 08:39:15 DEBUG [Cache] Pre-cache de datos iniciado
2024-01-15 08:39:20 ERROR [Scheduler] Conflicto de recursos en tareas
2024-01-15 08:39:25 INFO [Backup] Backup validado exitosamente
2024-01-15 08:39:30 WARN [Security] Actualización de seguridad disponible
2024-01-15 08:39:35 DEBUG [API] Cache de respuestas habilitado
2024-01-15 08:39:40 INFO [Network] Configuración de proxy actualizada
2024-01-15 08:39:45 ERROR [AuthService] Error de configuración de LDAP
2024-01-15 08:39:50 WARN [Database] Bloqueos detectados en transacciones
2024-01-15 08:39:55 INFO [Cache] Distribución de cache mejorada
2024-01-15 08:40:00 DEBUG [Scheduler] Tiempo de ejecución optimizado
2024-01-15 08:40:05 ERROR [Backup] Error de permisos en archivo de backup
2024-01-15 08:40:10 INFO [Security] Política de contraseñas fortalecida
2024-01-15 08:40:15 WARN [API] Versión de API obsoleta en uso
2024-01-15 08:40:20 DEBUG [Network] Monitoreo de conexiones activo
2024-01-15 08:40:25 INFO [AuthService] Módulo de autenticación actualizado
2024-01-15 08:40:30 ERROR [Database] Error de conexión con réplica - ID: 890 - Usuario: user77
2024-01-15 08:40:35 WARN [Cache] Alto porcentaje de misses detectado
2024-01-15 08:40:40 INFO [Scheduler] Tareas reprogramadas exitosamente
2024-01-15 08:40:45 DEBUG [Backup] Cifrado de backup habilitado
2024-01-15 08:40:50 ERROR [Security] Falla en sistema de logging - ID: 123 - Usuario: user88
2024-01-15 08:40:55 INFO [API] Limpieza de datos temporales completada
2024-01-15 08:41:00 WARN [Network] Alta utilización de ancho de banda
2024-01-15 08:41:05 DEBUG [AuthService] Token de refresco generado
2024-01-15 08:41:10 INFO [Database] Vacuum de base de datos completado
2024-01-15 08:41:15 ERROR [Cache] Error de sincronización en cluster
2024-01-15 08:41:20 WARN [Scheduler] Recursos del sistema al límite
2024-01-15 08:41:25 INFO [Backup] Estrategia de backup revisada
2024-01-15 08:41:30 DEBUG [Security] Configuración de roles actualizada
2024-01-15 08:41:35 ERROR [API] Timeout en procesamiento de petición
2024-01-15 08:41:40 INFO [Network] Configuración de firewall aplicada
2024-01-15 08:41:45 WARN [AuthService] Múltiples sesiones para mismo usuario
2024-01-15 08:41:50 DEBUG [Database] Estadísticas de consultas actualizadas
2024-01-15 08:41:55 INFO [Cache] Limpieza de cache programada
2024-01-15 08:42:00 ERROR [Scheduler] Error en dependencia de tareas
2024-01-15 08:42:05 WARN [Backup] Medios de backup con errores
2024-01-15 08:42:10 INFO [Security] Scan de vulnerabilidades programado
2024-01-15 08:42:15 DEBUG [API] Validación de entrada mejorada
2024-01-15 08:42:20 ERROR [Network] Error de resolución DNS - ID: 345 - Usuario: user99
2024-01-15 08:42:25 INFO [AuthService] Logout masivo ejecutado
2024-01-15 08:42:30 WARN [Database] Consultas complejas detectadas
2024-01-15 08:42:35 DEBUG [Cache] Algoritmo de reemplazo optimizado
2024-01-15 08:42:40 INFO [Scheduler] Balanceo de carga aplicado
2024-01-15 08:42:45 ERROR [Backup] Error de integridad en backup
2024-01-15 08:42:50 WARN [Security] Configuración no segura detectada
2024-01-15 08:42:55 INFO [API] Depuración de errores habilitada
2024-01-15 08:43:00 DEBUG [Network] Protocolo de comunicación actualizado
2024-01-15 08:43:05 ERROR [AuthService] Error en servicio de directorio
2024-01-15 08:43:10 INFO [Database] Reindexación completada
2024-01-15 08:43:15 WARN [Cache] Distribución desigual detectada
2024-01-15 08:43:20 DEBUG [Scheduler] Tiempos de ejecución monitorizados
2024-01-15 08:43:25 INFO [Backup] Verificación de medios completada
2024-01-15 08:43:30 ERROR [Security] Intento de acceso no autorizado
2024-01-15 08:43:35 WARN [API] Método obsoleto en uso
2024-01-15 08:43:40 INFO [Network] Configuración de red optimizada
2024-01-15 08:43:45 DEBUG [AuthService] Cache de credenciales limpiado
2024-01-15 08:43:50 ERROR [Database] Error de transacción distribuida
2024-01-15 08:43:55 INFO [Cache] Prefetch de datos implementado
2024-01-15 08:44:00 WARN [Scheduler] Colisión de tareas detectada
2024-01-15 08:44:05 DEBUG [Backup] Compresión diferencial aplicada
2024-01-15 08:44:10 INFO [Security] Actualización de políticas completada
2024-01-15 08:44:15 ERROR [API] Error de validación de datos
2024-01-15 08:44:20 WARN [Network] Congestión de red detectada
2024-01-15 08:44:25 INFO [AuthService] Autenticación biométrica habilitada
2024-01-15 08:44:30 DEBUG [Database] Query plan optimizado
2024-01-15 08:44:35 ERROR [Cache] Fallo catastrófico de cache
2024-01-15 08:44:40 WARN [Scheduler] Recursos insuficientes para tarea
2024-01-15 08:44:45 INFO [Backup] Estrategia de retención aplicada
2024-01-15 08:44:50 DEBUG [Security] Auditoría de seguridad iniciada
2024-01-15 08:44:55 ERROR [API] Servicio no disponible temporalmente
2024-01-15 08:45:00 INFO [Network] Configuración de VLAN aplicada
2024-01-15 08:45:05 WARN [AuthService] Token comprometido detectado
2024-01-15 08:45:10 DEBUG [Database] Estadísticas de bloqueos generadas
2024-01-15 08:45:15 INFO [Cache] Estrategia de invalidation actualizada
2024-01-15 08:45:20 ERROR [Scheduler] Deadlock en planificación
2024-01-15 08:45:25 WARN [Backup] Verificación de backup fallida
2024-01-15 08:45:30 INFO [Security] Configuración de encriptación actualizada
2024-01-15 08:45:35 DEBUG [API] Throttling dinámico implementado
2024-01-15 08:45:40 ERROR [Network] Error de configuración de red
2024-01-15 08:45:45 INFO [AuthService] Protocolo de autenticación mejorado
2024-01-15 08:45:50 WARN [Database] Consulta ineficiente detectada
2024-01-15 08:45:55 DEBUG [Cache] Monitorización de rendimiento activa
2024-01-15 08:46:00 INFO [Scheduler] Tareas críticas priorizadas
2024-01-15 08:46:05 ERROR [Backup] Error de hardware en unidad de backup
2024-01-15 08:46:10 WARN [Security] Actualización de firmware requerida
2024-01-15 08:46:15 INFO [API] Documentación automática generada
2024-01-15 08:46:20 DEBUG [Network] QoS reconfigurado dinámicamente
2024-01-15 08:46:25 ERROR [AuthService] Error de integración con SSO
2024-01-15 08:46:30 INFO [Database] Mantenimiento preventivo completado
2024-01-15 08:46:35 WARN [Cache] Fragmentación de memoria detectada
2024-01-15 08:46:40 DEBUG [Scheduler] Algoritmo de planificación optimizado
2024-01-15 08:46:45 INFO [Backup] Política de retención revisada
2024-01-15 08:46:50 ERROR [Security] Brecha de seguridad detectada
2024-01-15 08:46:55 WARN [API] Uso de API deprecated
2024-01-15 08:47:00 INFO [Network] Configuración de balanceo actualizada
2024-01-15 08:47:05 DEBUG [AuthService] Módulo de autorización mejorado
2024-01-15 08:47:10 ERROR [Database] Error de consistencia de datos
2024-01-15 08:47:15 INFO [Cache] Estrategia de distribución modificada
2024-01-15 08:47:20 WARN [Scheduler] Tiempo de inactividad detectado
2024-01-15 08:47:25 DEBUG [Backup] Algoritmo de deduplicación aplicado
2024-01-15 08:47:30 INFO [Security] Scan de vulnerabilidades completado
2024-01-15 08:47:35 ERROR [API] Error de serialización de datos
2024-01-15 08:47:40 WARN [Network] Paquetes corruptos detectados
2024-01-15 08:47:45 INFO [AuthService] Política de sesiones actualizada
2024-01-15 08:47:50 DEBUG [Database] Plan de contingencia activado
2024-01-15 08:47:55 ERROR [Cache] Error de coherencia en cluster
2024-01-15 08:48:00 INFO [Scheduler] Tareas de mantenimiento programadas
2024-01-15 08:48:05 WARN [Backup] Verificación de integridad fallida
2024-01-15 08:48:10 DEBUG [Security] Configuración de auditoría revisada
2024-01-15 08:48:15 INFO [API] Métricas de uso recopiladas
2024-01-15 08:48:20 ERROR [Network] Error de enlace de red
2024-01-15 08:48:25 WARN [AuthService] Intento de fuerza bruta detectado
2024-01-15 08:48:30 INFO [Database] Estadísticas de rendimiento mejoradas
2024-01-15 08:48:35 DEBUG [Cache] Algoritmo de expiración optimizado
2024-01-15 08:48:40 ERROR [Scheduler] Conflicto de horarios en tareas
2024-01-15 08:48:45 INFO [Backup] Estrategia de backup cloud implementada
2024-01-15 08:48:50 WARN [Security] Certificado auto-firmado en uso
2024-01-15 08:48:55 DEBUG [API] Validación de esquema mejorada
2024-01-15 08:49:00 INFO [Network] Configuración de red segura aplicada
2024-01-15 08:49:05 ERROR [AuthService] Error de configuración de MFA
2024-01-15 08:49:10 WARN [Database] Espacio en log files casi agotado
2024-01-15 08:49:15 INFO [Cache] Distribución de carga equilibrada
2024-01-15 08:49:20 DEBUG [Scheduler] Tolerancia a fallos mejorada
2024-01-15 08:49:25 ERROR [Backup] Error de conexión con cloud storage
2024-01-15 08:49:30 INFO [Security] Parche de zero-day aplicado
2024-01-15 08:49:35 WARN [API] Endpoint con alto uso detectado
2024-01-15 08:49:40 DEBUG [Network] Protocolo de recuperación activado
2024-01-15 08:49:45 INFO [AuthService] Autenticación federada configurada
2024-01-15 08:49:50 ERROR [Database] Error de replicación binaria
2024-01-15 08:49:55 WARN [Cache] Alto tráfico de cache detectado
2024-01-15 08:50:00 INFO [Scheduler] Planificador de tareas reiniciado
2024-01-15 08:50:05 DEBUG [Backup] Verificación de encriptación completada
2024-01-15 08:50:10 ERROR [Security] Falla en sistema de detección
2024-01-15 08:50:15 INFO [API] Limpieza de logs completada
2024-01-15 08:50:20 WARN [Network] Configuración de subred conflictiva
2024-01-15 08:50:25 DEBUG [AuthService] Token de API regenerado
2024-01-15 08:50:30 INFO [Database] Vacuum automático ejecutado
2024-01-15 08:50:35 ERROR [Cache] Error de persistencia de datos
2024-01-15 08:50:40 WARN [Scheduler] Tarea huérfana detectada
2024-01-15 08:50:45 INFO [Backup] Estrategia de retención aplicada
2024-01-15 08:50:50 DEBUG [Security] Configuración de WAF actualizada
2024-01-15 08:50:55 ERROR [API] Error de deserialización de datos
2024-01-15 08:51:00 INFO [Network] Monitoreo de QoS activado
2024-01-15 08:51:05 WARN [AuthService] Sesión expirada forzosamente
2024-01-15 08:51:10 DEBUG [Database] Query cache optimizado
2024-01-15 08:51:15 INFO [Cache] Estrategia de cache revisada
2024-01-15 08:51:20 ERROR [Scheduler] Error de dependencia circular
2024-01-15 08:51:25 WARN [Backup] Medios de backup nearing end-of-life
2024-01-15 08:51:30 INFO [Security] Política de acceso revisada
2024-01-15 08:51:35 DEBUG [API] Cache de consultas habilitado
2024-01-15 08:51:40 ERROR [Network] Error de configuración de firewall
2024-01-15 08:51:45 INFO [AuthService] Módulo de autenticación actualizado
2024-01-15 08:51:50 WARN [Database] Estadísticas desactualizadas
2024-01-15 08:51:55 DEBUG [Cache] Algoritmo de hash mejorado
2024-01-15 08:52:00 INFO [Scheduler] Tareas de sistema ejecutadas
2024-01-15 08:52:05 ERROR [Backup] Error de verificación de backup
2024-01-15 08:52:10 WARN [Security] Configuración de SSL débil
2024-01-15 08:52:15 INFO [API] Endpoints documentados automáticamente
2024-01-15 08:52:20 DEBUG [Network] Configuración de BGP actualizada
2024-01-15 08:52:25 ERROR [AuthService] Error en proveedor de identidad
2024-01-15 08:52:30 INFO [Database] Mantenimiento de índices completado
2024-01-15 08:52:35 WARN [Cache] Distribución de datos subóptima
2024-01-15 08:52:40 DEBUG [Scheduler] Algoritmo de balanceo mejorado
2024-01-15 08:52:45 INFO [Backup] Estrategia de compresión revisada
2024-01-15 08:52:50 ERROR [Security] Violación de política detectada
2024-01-15 08:52:55 WARN [API] Alto tiempo de respuesta detectado
2024-01-15 08:53:00 INFO [Network] Configuración de VPN aplicada
2024-01-15 08:53:05 DEBUG [AuthService] Auditoría de acceso completada
2024-01-15 08:53:10 ERROR [Database] Error de transacción anidada
2024-01-15 08:53:15 INFO [Cache] Estrategia de preloading implementada
2024-01-15 08:53:20 WARN [Scheduler] Tareas con alto consumo de CPU
2024-01-15 08:53:25 DEBUG [Backup] Verificación de medios completada
2024-01-15 08:53:30 INFO [Security] Scan de intrusiones negativo
2024-01-15 08:53:35 ERROR [API] Error de formato de respuesta
2024-01-15 08:53:40 WARN [Network] Alta pérdida de paquetes detectada
2024-01-15 08:53:45 INFO [AuthService] Política de contraseñas aplicada
2024-01-15 08:53:50 DEBUG [Database] Plan de ejecución optimizado
2024-01-15 08:53:55 ERROR [Cache] Error de distribución de datos
2024-01-15 08:54:00 INFO [Scheduler] Tareas reprogramadas exitosamente
2024-01-15 08:54:05 WARN [Backup] Espacio en almacenamiento crítico
2024-01-15 08:54:10 DEBUG [Security] Configuración de HIDS actualizada
2024-01-15 08:54:15 INFO [API] Depuración remota habilitada
2024-01-15 08:54:20 ERROR [Network] Error de enrutamiento estático
2024-01-15 08:54:25 WARN [AuthService] Token con scope excesivo
2024-01-15 08:54:30 INFO [Database] Estadísticas de uso generadas
2024-01-15 08:54:35 DEBUG [Cache] Algoritmo de compresión aplicado
2024-01-15 08:54:40 ERROR [Scheduler] Error de inicialización de tarea
2024-01-15 08:54:45 INFO [Backup] Backup validado y verificado
2024-01-15 08:54:50 WARN [Security] Actualización de reglas pendiente
2024-01-15 08:54:55 DEBUG [API] Métricas de rendimiento monitorizadas
2024-01-15 08:55:00 INFO [Network] Configuración de red consolidada
2024-01-15 08:55:05 ERROR [AuthService] Error de validación de certificado
2024-01-15 08:55:10 WARN [Database] Consulta con join complejo
2024-01-15 08:55:15 INFO [Cache] Estrategia de invalidation revisada
2024-01-15 08:55:20 DEBUG [Scheduler] Tolerancia a fallos implementada
2024-01-15 08:55:25 ERROR [Backup] Error de checksum en backup
2024-01-15 08:55:30 INFO [Security] Configuración de SIEM actualizada
2024-01-15 08:55:35 WARN [API] Versión de cliente no soportada
2024-01-15 08:55:40 DEBUG [Network] Monitoreo de SLA activo
2024-01-15 08:55:45 INFO [AuthService] Autenticación multifactor reforzada
2024-01-15 08:55:50 ERROR [Database] Error de foreign key violado
2024-01-15 08:55:55 WARN [Cache] Fragmentación de datos detectada
2024-01-15 08:56:00 INFO [Scheduler] Tareas de limpieza ejecutadas
2024-01-15 08:56:05 DEBUG [Backup] Algoritmo de deduplicación mejorado
2024-01-15 08:56:10 ERROR [Security] Detección de malware positiva
2024-01-15 08:56:15 INFO [API] Cache de respuestas optimizado
2024-01-15 08:56:20 WARN [Network] Configuración de DNS conflictiva
2024-01-15 08:56:25 DEBUG [AuthService] Logs de seguridad exportados
2024-01-15 08:56:30 INFO [Database] Transacción rollback completado
2024-01-15 08:56:35 ERROR [Cache] Error de sincronización temporal
2024-01-15 08:56:40 WARN [Scheduler] Tarea con dependencia rota
2024-01-15 08:56:45 INFO [Backup] Política de retención aplicada
2024-01-15 08:56:50 DEBUG [Security] Scan de puertos completado
2024-01-15 08:56:55 ERROR [API] Error de autenticación de API key
2024-01-15 08:57:00 INFO [Network] Configuración de QoS revisada
2024-01-15 08:57:05 WARN [AuthService] Múltiples intentos fallidos
2024-01-15 08:57:10 DEBUG [Database] Índices recreados para optimización
2024-01-15 08:57:15 INFO [Cache] Distribución de cache mejorada
2024-01-15 08:57:20 ERROR [Scheduler] Error de recurso no disponible
2024-01-15 08:57:25 WARN [Backup] Verificación de backup incompleta
2024-01-15 08:57:30 INFO [Security] Actualización de firmas completada
2024-01-15 08:57:35 DEBUG [API] Validación de entrada reforzada
2024-01-15 08:57:40 ERROR [Network] Error de configuración de VLAN
2024-01-15 08:57:45 INFO [AuthService] Protocolo OAuth configurado
2024-01-15 08:57:50 WARN [Database] Estadísticas de consultas desactualizadas
2024-01-15 08:57:55 DEBUG [Cache] Algoritmo de reemplazo actualizado
2024-01-15 08:58:00 INFO [Scheduler] Tareas priorizadas correctamente
2024-01-15 08:58:05 ERROR [Backup] Error de hardware en cinta de backup
2024-01-15 08:58:10 WARN [Security] Configuración de logging insuficiente
2024-01-15 08:58:15 INFO [API] Depuración de errores completada
2024-01-15 08:58:20 DEBUG [Network] Configuración de BGP optimizada
2024-01-15 08:58:25 ERROR [AuthService] Error de integración con AD
2024-01-15 08:58:30 INFO [Database] Vacuum de tablas completado
2024-01-15 08:58:35 WARN [Cache] Alto uso de memoria RAM
2024-01-15 08:58:40 DEBUG [Scheduler] Algoritmo de planificación revisado
2024-01-15 08:58:45 INFO [Backup] Estrategia de backup cloud optimizada
2024-01-15 08:58:50 ERROR [Security] Certificado SSL inválido
2024-01-15 08:58:55 WARN [API] Endpoint con bajo uso detectado
2024-01-15 08:59:00 INFO [Network] Configuración de red segura aplicada
2024-01-15 08:59:05 DEBUG [AuthService] Cache de permisos actualizado
2024-01-15 08:59:10 ERROR [Database] Error de deadlock en transacción
2024-01-15 08:59:15 INFO [Cache] Estrategia de distribución revisada
2024-01-15 08:59:20 WARN [Scheduler] Tareas con tiempo de ejecución elevado
2024-01-15 08:59:25 DEBUG [Backup] Compresión adaptativa aplicada
2024-01-15 08:59:30 INFO [Security] Parche de seguridad aplicado
2024-01-15 08:59:35 ERROR [API] Error de timeout en microservicio
2024-01-15 08:59:40 WARN [Network] Congestión en enlace principal
2024-01-15 08:59:45 INFO [AuthService] Autenticación anónima deshabilitada
2024-01-15 08:59:50 DEBUG [Database] Query plan cache optimizado
2024-01-15 08:59:55 ERROR [Cache] Fallo en nodo de cache distribuida
2024-01-15 09:00:00 INFO [Scheduler] Sistema de planificación reiniciado